<?xml version="1.0" encoding="UTF-8"?>
<testsuite xmlns:xsi="http://www.w3.org/2001/XMLSchema-instance" xsi:noNamespaceSchemaLocation="https://maven.apache.org/surefire/maven-surefire-plugin/xsd/surefire-test-report.xsd" name="com.devsecops.service.MessageServiceTest" time="0.622" tests="3" errors="0" skipped="0" failures="0">
  <properties>
[...]
</properties>
  <testcase name="testGetHealthMessage" classname="com.devsecops.service.MessageServiceTest" time="0.586"/>
  <testcase name="testGetCustomMessage" classname="com.devsecops.service.MessageServiceTest" time="0.01"/>
  <testcase name="testGetWelcomeMessage" classname="com.devsecops.service.MessageServiceTest" time="0.007"/>
</testsuite>